<?xml version="1.0" encoding="UTF-8"?>
<beans xmlns="http://www.springframework.org/schema/beans"
       xmlns:xsi="http://www.w3.org/2001/XMLSchema-instance"
       xmlns:context="http://www.springframework.org/schema/context"
       xsi:schemaLocation="http://www.springframework.org/schema/beans
                                http://www.springframework.org/schema/beans/spring-beans.xsd
	                        http://camel.apache.org/schema/spring
	                            http://camel.apache.org/schema/spring/camel-spring.xsd
	                        http://www.springframework.org/schema/context
	                            http://www.springframework.org/schema/context/spring-context.xsd">


    <context:component-scan base-package="com.zenika"/>

    <camelContext id="camel" xmlns="http://camel.apache.org/schema/spring">
        <packageScan>
            <package>com.zenika.user.routes</package>
        </packageScan>
    </camelContext>

    <bean id="jsonListUserFormat" class="org.apache.camel.component.jackson.ListJacksonDataFormat">
        <property name="unmarshalType" value="com.zenika.user.restservice.User"/>
    </bean>

    <bean class="org.springframework.beans.factory.config.PropertyPlaceholderConfigurer">
        <property name="location">
            <value>unittest-application.properties</value>
        </property>
    </bean>
</beans>

